Starting program: /home/trentonknight/Develop/DelouthMansfield-Assn4/out 

Program exited normally.
Starting program: /home/trentonknight/Develop/DelouthMansfield-Assn4/out 

Program received signal SIGSEGV, Segmentation fault.
0x00007fff00400ea6 in ?? ()
#0  0x00007fff00400ea6 in ?? ()
#1  0x00000006ffffe330 in ?? ()
#2  0x0000000800000007 in ?? ()
#3  0x0000000900000008 in ?? ()
#4  0x0000000d0000000c in ?? ()
#5  0x000000110000000e in ?? ()
#6  0x0000001200000011 in ?? ()
#7  0x0000001300000013 in ?? ()
#8  0x0000001300000013 in ?? ()
#9  0x0000001600000014 in ?? ()
#10 0x0000001600000016 in ?? ()
#11 0x0000001a00000019 in ?? ()
#12 0x0000001b0000001b in ?? ()
#13 0x0000001d0000001c in ?? ()
#14 0x0000002200000021 in ?? ()
#15 0x0000002400000023 in ?? ()
#16 0x0000002400000024 in ?? ()
#17 0x0000002500000024 in ?? ()
#18 0x0000002800000026 in ?? ()
#19 0x0000002a00000028 in ?? ()
#20 0x0000002b0000002a in ?? ()
#21 0x0000002d0000002d in ?? ()
#22 0x000000300000002e in ?? ()
#23 0x0000003300000031 in ?? ()
#24 0x0000003400000033 in ?? ()
#25 0x0000003500000035 in ?? ()
#26 0x0000003700000036 in ?? ()
#27 0x0000003800000037 in ?? ()
#28 0x0000003800000038 in ?? ()
#29 0x0000003b0000003a in ?? ()
#30 0x0000003d0000003c in ?? ()
#31 0x0000003d0000003d in ?? ()
#32 0x000000400000003e in ?? ()
#33 0x0000004500000045 in ?? ()
#34 0x0000004600000045 in ?? ()
#35 0x0000004900000048 in ?? ()
#36 0x0000004f00000049 in ?? ()
#37 0x0000005000000050 in ?? ()
#38 0x0000005100000051 in ?? ()
#39 0x0000005300000051 in ?? ()
Quit
#0  0x00007fff00400ea6 in ?? ()
Stack level 0, frame at 0x7fffffffc308:
 rip = 0x7fff00400ea6; saved rip 0x6ffffe330
 called by frame at 0x7fffffffc310
 Arglist at 0x7fffffffc2f8, args: 
 Locals at 0x7fffffffc2f8, Previous frame's sp is 0x7fffffffc308
 Saved registers:
  rip at 0x7fffffffc300
No symbol table info available.
35	// main()
36	// Main program logic. Handles getting user input
37	// returns:
38	//   0 - No error, program exited normally
39	// Calls:
40	// Implemented by:
41	int main()
42	
43	{
44	  int randNUM_ONE[RAND_INT] = {0};//rand array of numbers for functions one
A debugging session is active.

	Inferior 1 [process 3844] will be killed.

Quit anyway? (y or n) 